d:\minigamestarter\trainingframework\debug-nvidia\vc142.pdb
d:\minigamestarter\trainingframework\debug-nvidia\vc142.idb
d:\minigamestarter\trainingframework\debug-nvidia\trainingframework.obj
d:\minigamestarter\trainingframework\debug-nvidia\gsplay.obj
d:\minigamestarter\trainingframework\debug-nvidia\gsmenu.obj
d:\minigamestarter\trainingframework\debug-nvidia\gsintro.obj
d:\minigamestarter\trainingframework\debug-nvidia\gamestatemachine.obj
d:\minigamestarter\trainingframework\debug-nvidia\gamestatebase.obj
d:\minigamestarter\trainingframework\debug-nvidia\texture.obj
d:\minigamestarter\trainingframework\debug-nvidia\text.obj
d:\minigamestarter\trainingframework\debug-nvidia\spriteanimation.obj
d:\minigamestarter\trainingframework\debug-nvidia\shader.obj
d:\minigamestarter\trainingframework\debug-nvidia\model.obj
d:\minigamestarter\trainingframework\debug-nvidia\sprite3d.obj
d:\minigamestarter\trainingframework\debug-nvidia\camera.obj
d:\minigamestarter\trainingframework\debug-nvidia\sprite2d.obj
d:\minigamestarter\trainingframework\debug-nvidia\gamebutton.obj
d:\minigamestarter\trainingframework\debug-nvidia\font.obj
d:\minigamestarter\trainingframework\debug-nvidia\resourcemanagers.obj
d:\minigamestarter\trainingframework\debug-nvidia\application.obj
d:\minigamestarter\trainingframework\debug-nvidia\trainingframework.ilk
d:\minigamestarter\bin-nvidia\trainingframework.exe
d:\minigamestarter\bin-nvidia\trainingframework.pdb
d:\minigamestarter\\bin-nvidia\trainingframework.pdb
d:\minigamestarter\trainingframework\debug-nvidia\training.fc024ec8.tlog\cl.command.1.tlog
d:\minigamestarter\trainingframework\debug-nvidia\training.fc024ec8.tlog\cl.read.1.tlog
d:\minigamestarter\trainingframework\debug-nvidia\training.fc024ec8.tlog\cl.write.1.tlog
d:\minigamestarter\trainingframework\debug-nvidia\training.fc024ec8.tlog\link.command.1.tlog
d:\minigamestarter\trainingframework\debug-nvidia\training.fc024ec8.tlog\link.read.1.tlog
d:\minigamestarter\trainingframework\debug-nvidia\training.fc024ec8.tlog\link.write.1.tlog
