  GSPlay.cpp
C:\Users\Hoang\Documents\GitHub\GameProjectGL\MiniGameStarter\TrainingFramework\src\GameStates\GSPlay.cpp(35,12): warning C4244: 'argument': conversion from 'time_t' to 'unsigned int', possible loss of data
C:\Users\Hoang\Documents\GitHub\GameProjectGL\MiniGameStarter\TrainingFramework\src\GameStates\GSPlay.cpp(339,85): warning C4244: 'argument': conversion from 'GLfloat' to 'GLint', possible loss of data
C:\Users\Hoang\Documents\GitHub\GameProjectGL\MiniGameStarter\TrainingFramework\src\GameStates\GSPlay.cpp(339,53): warning C4244: 'argument': conversion from 'GLfloat' to 'GLint', possible loss of data
C:\Users\Hoang\Documents\GitHub\GameProjectGL\MiniGameStarter\TrainingFramework\src\GameStates\GSPlay.cpp(340,36): warning C4244: 'argument': conversion from 'float' to 'GLint', possible loss of data
C:\Users\Hoang\Documents\GitHub\GameProjectGL\MiniGameStarter\TrainingFramework\src\GameStates\GSPlay.cpp(474,77): warning C4244: 'argument': conversion from 'GLfloat' to 'GLint', possible loss of data
C:\Users\Hoang\Documents\GitHub\GameProjectGL\MiniGameStarter\TrainingFramework\src\GameStates\GSPlay.cpp(476,75): warning C4244: 'argument': conversion from 'GLfloat' to 'GLint', possible loss of data
C:\Users\Hoang\Documents\GitHub\GameProjectGL\MiniGameStarter\TrainingFramework\src\GameStates\GSPlay.cpp(478,83): warning C4244: 'argument': conversion from 'GLfloat' to 'GLint', possible loss of data
C:\Users\Hoang\Documents\GitHub\GameProjectGL\MiniGameStarter\TrainingFramework\src\GameStates\GSPlay.cpp(478,44): warning C4244: 'argument': conversion from 'GLfloat' to 'GLint', possible loss of data
C:\Users\Hoang\Documents\GitHub\GameProjectGL\MiniGameStarter\TrainingFramework\src\GameStates\GSPlay.cpp(564,83): warning C4244: 'argument': conversion from 'float' to 'GLint', possible loss of data
C:\Users\Hoang\Documents\GitHub\GameProjectGL\MiniGameStarter\TrainingFramework\src\GameStates\GSPlay.cpp(564,49): warning C4244: 'argument': conversion from 'float' to 'GLint', possible loss of data
C:\Users\Hoang\Documents\GitHub\GameProjectGL\MiniGameStarter\TrainingFramework\src\GameStates\GSPlay.cpp(569,106): warning C4244: 'argument': conversion from 'float' to 'GLint', possible loss of data
C:\Users\Hoang\Documents\GitHub\GameProjectGL\MiniGameStarter\TrainingFramework\src\GameStates\GSPlay.cpp(569,53): warning C4244: 'argument': conversion from 'float' to 'GLint', possible loss of data
C:\Users\Hoang\Documents\GitHub\GameProjectGL\MiniGameStarter\TrainingFramework\src\GameStates\GSPlay.cpp(574,84): warning C4244: 'argument': conversion from 'float' to 'GLint', possible loss of data
C:\Users\Hoang\Documents\GitHub\GameProjectGL\MiniGameStarter\TrainingFramework\src\GameStates\GSPlay.cpp(574,50): warning C4244: 'argument': conversion from 'float' to 'GLint', possible loss of data
C:\Users\Hoang\Documents\GitHub\GameProjectGL\MiniGameStarter\TrainingFramework\src\GameStates\GSPlay.cpp(580,83): warning C4244: 'argument': conversion from 'float' to 'GLint', possible loss of data
C:\Users\Hoang\Documents\GitHub\GameProjectGL\MiniGameStarter\TrainingFramework\src\GameStates\GSPlay.cpp(580,49): warning C4244: 'argument': conversion from 'float' to 'GLint', possible loss of data
C:\Users\Hoang\Documents\GitHub\GameProjectGL\MiniGameStarter\TrainingFramework\src\GameStates\GSPlay.cpp(585,106): warning C4244: 'argument': conversion from 'float' to 'GLint', possible loss of data
C:\Users\Hoang\Documents\GitHub\GameProjectGL\MiniGameStarter\TrainingFramework\src\GameStates\GSPlay.cpp(585,53): warning C4244: 'argument': conversion from 'float' to 'GLint', possible loss of data
C:\Users\Hoang\Documents\GitHub\GameProjectGL\MiniGameStarter\TrainingFramework\src\GameStates\GSPlay.cpp(590,84): warning C4244: 'argument': conversion from 'float' to 'GLint', possible loss of data
C:\Users\Hoang\Documents\GitHub\GameProjectGL\MiniGameStarter\TrainingFramework\src\GameStates\GSPlay.cpp(590,50): warning C4244: 'argument': conversion from 'float' to 'GLint', possible loss of data
C:\Users\Hoang\Documents\GitHub\GameProjectGL\MiniGameStarter\TrainingFramework\src\GameStates\GSPlay.cpp(596,83): warning C4244: 'argument': conversion from 'float' to 'GLint', possible loss of data
C:\Users\Hoang\Documents\GitHub\GameProjectGL\MiniGameStarter\TrainingFramework\src\GameStates\GSPlay.cpp(596,49): warning C4244: 'argument': conversion from 'float' to 'GLint', possible loss of data
C:\Users\Hoang\Documents\GitHub\GameProjectGL\MiniGameStarter\TrainingFramework\src\GameStates\GSPlay.cpp(601,106): warning C4244: 'argument': conversion from 'float' to 'GLint', possible loss of data
C:\Users\Hoang\Documents\GitHub\GameProjectGL\MiniGameStarter\TrainingFramework\src\GameStates\GSPlay.cpp(601,53): warning C4244: 'argument': conversion from 'float' to 'GLint', possible loss of data
C:\Users\Hoang\Documents\GitHub\GameProjectGL\MiniGameStarter\TrainingFramework\src\GameStates\GSPlay.cpp(606,84): warning C4244: 'argument': conversion from 'float' to 'GLint', possible loss of data
C:\Users\Hoang\Documents\GitHub\GameProjectGL\MiniGameStarter\TrainingFramework\src\GameStates\GSPlay.cpp(606,50): warning C4244: 'argument': conversion from 'float' to 'GLint', possible loss of data
C:\Users\Hoang\Documents\GitHub\GameProjectGL\MiniGameStarter\TrainingFramework\src\GameStates\GSPlay.cpp(635,49): warning C4244: 'argument': conversion from 'int' to 'GLfloat', possible loss of data
C:\Users\Hoang\Documents\GitHub\GameProjectGL\MiniGameStarter\TrainingFramework\src\GameStates\GSPlay.cpp(635,38): warning C4244: 'argument': conversion from 'int' to 'GLfloat', possible loss of data
C:\Users\Hoang\Documents\GitHub\GameProjectGL\MiniGameStarter\TrainingFramework\src\GameStates\GSPlay.cpp(644,46): warning C4244: 'argument': conversion from 'int' to 'GLfloat', possible loss of data
C:\Users\Hoang\Documents\GitHub\GameProjectGL\MiniGameStarter\TrainingFramework\src\GameStates\GSPlay.cpp(644,35): warning C4244: 'argument': conversion from 'int' to 'GLfloat', possible loss of data
C:\Users\Hoang\Documents\GitHub\GameProjectGL\MiniGameStarter\TrainingFramework\src\GameStates\GSPlay.cpp(654,47): warning C4244: 'argument': conversion from 'int' to 'GLfloat', possible loss of data
C:\Users\Hoang\Documents\GitHub\GameProjectGL\MiniGameStarter\TrainingFramework\src\GameStates\GSPlay.cpp(654,36): warning C4244: 'argument': conversion from 'int' to 'GLfloat', possible loss of data
C:\Users\Hoang\Documents\GitHub\GameProjectGL\MiniGameStarter\TrainingFramework\src\GameStates\GSPlay.cpp(657,86): warning C4244: 'argument': conversion from 'GLfloat' to 'GLint', possible loss of data
C:\Users\Hoang\Documents\GitHub\GameProjectGL\MiniGameStarter\TrainingFramework\src\GameStates\GSPlay.cpp(657,57): warning C4244: 'argument': conversion from 'GLfloat' to 'GLint', possible loss of data
C:\Users\Hoang\Documents\GitHub\GameProjectGL\MiniGameStarter\TrainingFramework\src\GameStates\GSPlay.cpp(666,45): warning C4244: 'argument': conversion from 'int' to 'GLfloat', possible loss of data
C:\Users\Hoang\Documents\GitHub\GameProjectGL\MiniGameStarter\TrainingFramework\src\GameStates\GSPlay.cpp(666,34): warning C4244: 'argument': conversion from 'int' to 'GLfloat', possible loss of data
C:\Users\Hoang\Documents\GitHub\GameProjectGL\MiniGameStarter\TrainingFramework\src\GameStates\GSPlay.cpp(675,47): warning C4244: 'argument': conversion from 'int' to 'GLfloat', possible loss of data
C:\Users\Hoang\Documents\GitHub\GameProjectGL\MiniGameStarter\TrainingFramework\src\GameStates\GSPlay.cpp(675,36): warning C4244: 'argument': conversion from 'int' to 'GLfloat', possible loss of data
C:\Users\Hoang\Documents\GitHub\GameProjectGL\MiniGameStarter\TrainingFramework\src\GameStates\GSPlay.cpp(829,72): warning C4244: 'argument': conversion from 'GLfloat' to 'GLint', possible loss of data
C:\Users\Hoang\Documents\GitHub\GameProjectGL\MiniGameStarter\TrainingFramework\src\GameStates\GSPlay.cpp(829,46): warning C4244: 'argument': conversion from 'GLfloat' to 'GLint', possible loss of data
C:\Users\Hoang\Documents\GitHub\GameProjectGL\MiniGameStarter\TrainingFramework\src\GameStates\GSPlay.cpp(864,73): warning C4244: 'argument': conversion from 'GLfloat' to 'GLint', possible loss of data
C:\Users\Hoang\Documents\GitHub\GameProjectGL\MiniGameStarter\TrainingFramework\src\GameStates\GSPlay.cpp(864,47): warning C4244: 'argument': conversion from 'GLfloat' to 'GLint', possible loss of data
C:\Users\Hoang\Documents\GitHub\GameProjectGL\MiniGameStarter\TrainingFramework\src\GameStates\GSPlay.cpp(874,73): warning C4244: 'argument': conversion from 'GLfloat' to 'GLint', possible loss of data
C:\Users\Hoang\Documents\GitHub\GameProjectGL\MiniGameStarter\TrainingFramework\src\GameStates\GSPlay.cpp(874,47): warning C4244: 'argument': conversion from 'GLfloat' to 'GLint', possible loss of data
C:\Users\Hoang\Documents\GitHub\GameProjectGL\MiniGameStarter\TrainingFramework\src\GameStates\GSPlay.cpp(884,73): warning C4244: 'argument': conversion from 'GLfloat' to 'GLint', possible loss of data
C:\Users\Hoang\Documents\GitHub\GameProjectGL\MiniGameStarter\TrainingFramework\src\GameStates\GSPlay.cpp(884,47): warning C4244: 'argument': conversion from 'GLfloat' to 'GLint', possible loss of data
C:\Program Files (x86)\Microsoft Visual Studio\2019\Community\VC\Tools\MSVC\14.29.30133\include\xutility(158,77): warning C4244: 'argument': conversion from '_Ty' to 'float', possible loss of data
          with
          [
              _Ty=double
          ]
C:\Program Files (x86)\Microsoft Visual Studio\2019\Community\VC\Tools\MSVC\14.29.30133\include\memory(2029): message : see reference to function template instantiation 'void std::_Construct_in_place<_Ty,std::shared_ptr<Shader>&,std::shared_ptr<Font>&,const char(&)[3],TextColor,double>(_Ty &,std::shared_ptr<Shader> &,std::shared_ptr<Font> &,const char (&)[3],TextColor &&,double &&) noexcept(false)' being compiled
          with
          [
              _Ty=Text
          ]
C:\Program Files (x86)\Microsoft Visual Studio\2019\Community\VC\Tools\MSVC\14.29.30133\include\memory(2748): message : see reference to function template instantiation 'std::_Ref_count_obj2<_Ty>::_Ref_count_obj2<std::shared_ptr<Shader>&,std::shared_ptr<Font>&,const char(&)[3],TextColor,double>(std::shared_ptr<Shader> &,std::shared_ptr<Font> &,const char (&)[3],TextColor &&,double &&)' being compiled
          with
          [
              _Ty=Text
          ]
C:\Program Files (x86)\Microsoft Visual Studio\2019\Community\VC\Tools\MSVC\14.29.30133\include\memory(2748): message : see reference to function template instantiation 'std::_Ref_count_obj2<_Ty>::_Ref_count_obj2<std::shared_ptr<Shader>&,std::shared_ptr<Font>&,const char(&)[3],TextColor,double>(std::shared_ptr<Shader> &,std::shared_ptr<Font> &,const char (&)[3],TextColor &&,double &&)' being compiled
          with
          [
              _Ty=Text
          ]
C:\Users\Hoang\Documents\GitHub\GameProjectGL\MiniGameStarter\TrainingFramework\src\GameStates\GSPlay.cpp(64): message : see reference to function template instantiation 'std::shared_ptr<Text> std::make_shared<Text,std::shared_ptr<Shader>&,std::shared_ptr<Font>&,const char(&)[3],TextColor,double>(std::shared_ptr<Shader> &,std::shared_ptr<Font> &,const char (&)[3],TextColor &&,double &&)' being compiled
  TrainingFramework.vcxproj -> C:\Users\Hoang\Documents\GitHub\GameProjectGL\MiniGameStarter\BIN-Nvidia\TrainingFramework.exe
