c:\users\hoang\documents\github\gameprojectgl\minigamestarter\bin-nvidia\utilities.pdb
c:\users\hoang\documents\github\gameprojectgl\minigamestarter\utilities\release-nvidia\tga.obj
c:\users\hoang\documents\github\gameprojectgl\minigamestarter\utilities\release-nvidia\cmath.obj
c:\users\hoang\documents\github\gameprojectgl\minigamestarter\utilities\release-nvidia\esutil_win.obj
c:\users\hoang\documents\github\gameprojectgl\minigamestarter\utilities\release-nvidia\esutil.obj
c:\users\hoang\documents\github\gameprojectgl\minigamestarter\utilities\release-nvidia\esshader.obj
g:\github\gameprojectgl\minigamestarter\bin-nvidia\utilities.pdb
g:\github\gameprojectgl\minigamestarter\utilities\release-nvidia\tga.obj
g:\github\gameprojectgl\minigamestarter\utilities\release-nvidia\cmath.obj
g:\github\gameprojectgl\minigamestarter\utilities\release-nvidia\esutil_win.obj
g:\github\gameprojectgl\minigamestarter\utilities\release-nvidia\esutil.obj
g:\github\gameprojectgl\minigamestarter\utilities\release-nvidia\esshader.obj
c:\users\hoang\documents\github\gameprojectgl\minigamestarter\bin-nvidia\utilities.lib
g:\github\gameprojectgl\minigamestarter\bin-nvidia\utilities.lib
g:\github\gameprojectgl\minigamestarter\\bin-nvidia\utilities.pdb
g:\github\gameprojectgl\minigamestarter\utilities\release-nvidia\utilities.tlog\cl.command.1.tlog
g:\github\gameprojectgl\minigamestarter\utilities\release-nvidia\utilities.tlog\cl.read.1.tlog
g:\github\gameprojectgl\minigamestarter\utilities\release-nvidia\utilities.tlog\cl.write.1.tlog
g:\github\gameprojectgl\minigamestarter\utilities\release-nvidia\utilities.tlog\lib-link.read.1.tlog
g:\github\gameprojectgl\minigamestarter\utilities\release-nvidia\utilities.tlog\lib-link.write.1.tlog
g:\github\gameprojectgl\minigamestarter\utilities\release-nvidia\utilities.tlog\lib.command.1.tlog
