c:\users\hoang\documents\github\gameprojectgl\minigamestarter\freetype\objs\vc2019\win32\release\ftdebug.obj
c:\users\hoang\documents\github\gameprojectgl\minigamestarter\freetype\objs\vc2019\win32\release\ftcache.obj
c:\users\hoang\documents\github\gameprojectgl\minigamestarter\freetype\objs\vc2019\win32\release\sfnt.obj
c:\users\hoang\documents\github\gameprojectgl\minigamestarter\freetype\objs\vc2019\win32\release\cff.obj
c:\users\hoang\documents\github\gameprojectgl\minigamestarter\freetype\objs\vc2019\win32\release\ftinit.obj
c:\users\hoang\documents\github\gameprojectgl\minigamestarter\freetype\objs\vc2019\win32\release\ftsystem.obj
c:\users\hoang\documents\github\gameprojectgl\minigamestarter\freetype\objs\vc2019\win32\release\ftmm.obj
c:\users\hoang\documents\github\gameprojectgl\minigamestarter\freetype\objs\vc2019\win32\release\pfr.obj
c:\users\hoang\documents\github\gameprojectgl\minigamestarter\freetype\objs\vc2019\win32\release\truetype.obj
c:\users\hoang\documents\github\gameprojectgl\minigamestarter\freetype\objs\vc2019\win32\release\ftlzw.obj
c:\users\hoang\documents\github\gameprojectgl\minigamestarter\freetype\objs\vc2019\win32\release\pcf.obj
c:\users\hoang\documents\github\gameprojectgl\minigamestarter\freetype\objs\vc2019\win32\release\pshinter.obj
c:\users\hoang\documents\github\gameprojectgl\minigamestarter\freetype\objs\vc2019\win32\release\ftbase.obj
c:\users\hoang\documents\github\gameprojectgl\minigamestarter\freetype\objs\vc2019\win32\release\type42.obj
c:\users\hoang\documents\github\gameprojectgl\minigamestarter\freetype\objs\vc2019\win32\release\bdf.obj
c:\users\hoang\documents\github\gameprojectgl\minigamestarter\freetype\objs\vc2019\win32\release\psmodule.obj
c:\users\hoang\documents\github\gameprojectgl\minigamestarter\freetype\objs\vc2019\win32\release\winfnt.obj
c:\users\hoang\documents\github\gameprojectgl\minigamestarter\freetype\objs\vc2019\win32\release\ftglyph.obj
c:\users\hoang\documents\github\gameprojectgl\minigamestarter\freetype\objs\vc2019\win32\release\smooth.obj
c:\users\hoang\documents\github\gameprojectgl\minigamestarter\freetype\objs\vc2019\win32\release\psaux.obj
c:\users\hoang\documents\github\gameprojectgl\minigamestarter\freetype\objs\vc2019\win32\release\type1.obj
c:\users\hoang\documents\github\gameprojectgl\minigamestarter\freetype\objs\vc2019\win32\release\ftgzip.obj
c:\users\hoang\documents\github\gameprojectgl\minigamestarter\freetype\objs\vc2019\win32\release\raster.obj
c:\users\hoang\documents\github\gameprojectgl\minigamestarter\freetype\objs\vc2019\win32\release\type1cid.obj
c:\users\hoang\documents\github\gameprojectgl\minigamestarter\freetype\objs\vc2019\win32\release\ftgasp.obj
c:\users\hoang\documents\github\gameprojectgl\minigamestarter\freetype\objs\vc2019\win32\release\ftwinfnt.obj
c:\users\hoang\documents\github\gameprojectgl\minigamestarter\freetype\objs\vc2019\win32\release\ftsynth.obj
c:\users\hoang\documents\github\gameprojectgl\minigamestarter\freetype\objs\vc2019\win32\release\fttype1.obj
c:\users\hoang\documents\github\gameprojectgl\minigamestarter\freetype\objs\vc2019\win32\release\ftotval.obj
c:\users\hoang\documents\github\gameprojectgl\minigamestarter\freetype\objs\vc2019\win32\release\ftpfr.obj
c:\users\hoang\documents\github\gameprojectgl\minigamestarter\freetype\objs\vc2019\win32\release\ftxf86.obj
c:\users\hoang\documents\github\gameprojectgl\minigamestarter\freetype\objs\vc2019\win32\release\ftstroke.obj
c:\users\hoang\documents\github\gameprojectgl\minigamestarter\freetype\objs\vc2019\win32\release\ftbbox.obj
c:\users\hoang\documents\github\gameprojectgl\minigamestarter\freetype\objs\vc2019\win32\release\ftlcdfil.obj
c:\users\hoang\documents\github\gameprojectgl\minigamestarter\freetype\objs\vc2019\win32\release\ftpatent.obj
c:\users\hoang\documents\github\gameprojectgl\minigamestarter\freetype\objs\vc2019\win32\release\autofit.obj
c:\users\hoang\documents\github\gameprojectgl\minigamestarter\freetype\objs\vc2019\win32\release\ftfstype.obj
c:\users\hoang\documents\github\gameprojectgl\minigamestarter\freetype\objs\vc2019\win32\release\ftbitmap.obj
c:\users\hoang\documents\github\gameprojectgl\minigamestarter\freetype\objs\vc2019\win32\release\ftgxval.obj
g:\github\gameprojectgl\minigamestarter\freetype\objs\vc2019\win32\release\ftbitmap.obj
g:\github\gameprojectgl\minigamestarter\freetype\objs\vc2019\win32\release\ftotval.obj
g:\github\gameprojectgl\minigamestarter\freetype\objs\vc2019\win32\release\ftsynth.obj
g:\github\gameprojectgl\minigamestarter\freetype\objs\vc2019\win32\release\ftxf86.obj
g:\github\gameprojectgl\minigamestarter\freetype\objs\vc2019\win32\release\ftstroke.obj
g:\github\gameprojectgl\minigamestarter\freetype\objs\vc2019\win32\release\ftpfr.obj
g:\github\gameprojectgl\minigamestarter\freetype\objs\vc2019\win32\release\ftgxval.obj
g:\github\gameprojectgl\minigamestarter\freetype\objs\vc2019\win32\release\ftgasp.obj
g:\github\gameprojectgl\minigamestarter\freetype\objs\vc2019\win32\release\fttype1.obj
g:\github\gameprojectgl\minigamestarter\freetype\objs\vc2019\win32\release\autofit.obj
g:\github\gameprojectgl\minigamestarter\freetype\objs\vc2019\win32\release\ftbbox.obj
g:\github\gameprojectgl\minigamestarter\freetype\objs\vc2019\win32\release\ftlcdfil.obj
g:\github\gameprojectgl\minigamestarter\freetype\objs\vc2019\win32\release\ftfstype.obj
g:\github\gameprojectgl\minigamestarter\freetype\objs\vc2019\win32\release\ftwinfnt.obj
g:\github\gameprojectgl\minigamestarter\freetype\objs\vc2019\win32\release\ftpatent.obj
g:\github\gameprojectgl\minigamestarter\freetype\objs\vc2019\win32\release\ftlzw.obj
g:\github\gameprojectgl\minigamestarter\freetype\objs\vc2019\win32\release\pcf.obj
g:\github\gameprojectgl\minigamestarter\freetype\objs\vc2019\win32\release\psmodule.obj
g:\github\gameprojectgl\minigamestarter\freetype\objs\vc2019\win32\release\type1cid.obj
g:\github\gameprojectgl\minigamestarter\freetype\objs\vc2019\win32\release\cff.obj
g:\github\gameprojectgl\minigamestarter\freetype\objs\vc2019\win32\release\bdf.obj
g:\github\gameprojectgl\minigamestarter\freetype\objs\vc2019\win32\release\sfnt.obj
g:\github\gameprojectgl\minigamestarter\freetype\objs\vc2019\win32\release\ftgzip.obj
g:\github\gameprojectgl\minigamestarter\freetype\objs\vc2019\win32\release\raster.obj
g:\github\gameprojectgl\minigamestarter\freetype\objs\vc2019\win32\release\type42.obj
g:\github\gameprojectgl\minigamestarter\freetype\objs\vc2019\win32\release\ftglyph.obj
g:\github\gameprojectgl\minigamestarter\freetype\objs\vc2019\win32\release\smooth.obj
g:\github\gameprojectgl\minigamestarter\freetype\objs\vc2019\win32\release\pfr.obj
g:\github\gameprojectgl\minigamestarter\freetype\objs\vc2019\win32\release\truetype.obj
g:\github\gameprojectgl\minigamestarter\freetype\objs\vc2019\win32\release\ftcache.obj
g:\github\gameprojectgl\minigamestarter\freetype\objs\vc2019\win32\release\pshinter.obj
g:\github\gameprojectgl\minigamestarter\freetype\objs\vc2019\win32\release\winfnt.obj
g:\github\gameprojectgl\minigamestarter\freetype\objs\vc2019\win32\release\ftinit.obj
g:\github\gameprojectgl\minigamestarter\freetype\objs\vc2019\win32\release\ftsystem.obj
g:\github\gameprojectgl\minigamestarter\freetype\objs\vc2019\win32\release\ftmm.obj
g:\github\gameprojectgl\minigamestarter\freetype\objs\vc2019\win32\release\psaux.obj
g:\github\gameprojectgl\minigamestarter\freetype\objs\vc2019\win32\release\type1.obj
g:\github\gameprojectgl\minigamestarter\freetype\objs\vc2019\win32\release\ftbase.obj
g:\github\gameprojectgl\minigamestarter\freetype\objs\vc2019\win32\release\ftdebug.obj
c:\users\hoang\documents\github\gameprojectgl\minigamestarter\freetype\objs\vc2019\win32\freetype.lib
g:\github\gameprojectgl\minigamestarter\freetype\objs\vc2019\win32\freetype.lib
g:\github\gameprojectgl\minigamestarter\freetype\objs\vc2019\win32\release\freetype.tlog\cl.command.1.tlog
g:\github\gameprojectgl\minigamestarter\freetype\objs\vc2019\win32\release\freetype.tlog\cl.read.1.tlog
g:\github\gameprojectgl\minigamestarter\freetype\objs\vc2019\win32\release\freetype.tlog\cl.write.1.tlog
g:\github\gameprojectgl\minigamestarter\freetype\objs\vc2019\win32\release\freetype.tlog\lib-link.read.1.tlog
g:\github\gameprojectgl\minigamestarter\freetype\objs\vc2019\win32\release\freetype.tlog\lib-link.write.1.tlog
g:\github\gameprojectgl\minigamestarter\freetype\objs\vc2019\win32\release\freetype.tlog\lib.command.1.tlog
