c:\users\hoang\documents\github\gameprojectgl\minigamestarter\trainingframework\release-nvidia\vc142.pdb
c:\users\hoang\documents\github\gameprojectgl\minigamestarter\trainingframework\release-nvidia\gsintro.obj
c:\users\hoang\documents\github\gameprojectgl\minigamestarter\trainingframework\release-nvidia\gsgameover.obj
c:\users\hoang\documents\github\gameprojectgl\minigamestarter\trainingframework\release-nvidia\gamestatemachine.obj
c:\users\hoang\documents\github\gameprojectgl\minigamestarter\trainingframework\release-nvidia\gamestatebase.obj
c:\users\hoang\documents\github\gameprojectgl\minigamestarter\trainingframework\release-nvidia\trampoline.obj
c:\users\hoang\documents\github\gameprojectgl\minigamestarter\trainingframework\release-nvidia\texture.obj
c:\users\hoang\documents\github\gameprojectgl\minigamestarter\trainingframework\release-nvidia\text.obj
c:\users\hoang\documents\github\gameprojectgl\minigamestarter\trainingframework\release-nvidia\spriteanimation.obj
c:\users\hoang\documents\github\gameprojectgl\minigamestarter\trainingframework\release-nvidia\sprite3d.obj
c:\users\hoang\documents\github\gameprojectgl\minigamestarter\trainingframework\release-nvidia\sprite2d.obj
c:\users\hoang\documents\github\gameprojectgl\minigamestarter\trainingframework\release-nvidia\shader.obj
c:\users\hoang\documents\github\gameprojectgl\minigamestarter\trainingframework\release-nvidia\player.obj
c:\users\hoang\documents\github\gameprojectgl\minigamestarter\trainingframework\release-nvidia\model.obj
c:\users\hoang\documents\github\gameprojectgl\minigamestarter\trainingframework\release-nvidia\ground.obj
c:\users\hoang\documents\github\gameprojectgl\minigamestarter\trainingframework\release-nvidia\gamebutton.obj
c:\users\hoang\documents\github\gameprojectgl\minigamestarter\trainingframework\release-nvidia\font.obj
c:\users\hoang\documents\github\gameprojectgl\minigamestarter\trainingframework\release-nvidia\enemies.obj
c:\users\hoang\documents\github\gameprojectgl\minigamestarter\trainingframework\release-nvidia\camera.obj
c:\users\hoang\documents\github\gameprojectgl\minigamestarter\trainingframework\release-nvidia\resourcemanagers.obj
c:\users\hoang\documents\github\gameprojectgl\minigamestarter\trainingframework\release-nvidia\application.obj
c:\users\hoang\documents\github\gameprojectgl\minigamestarter\trainingframework\release-nvidia\trainingframework.obj
c:\users\hoang\documents\github\gameprojectgl\minigamestarter\trainingframework\release-nvidia\gsplay.obj
c:\users\hoang\documents\github\gameprojectgl\minigamestarter\trainingframework\release-nvidia\gsmenu.obj
g:\github\gameprojectgl\minigamestarter\trainingframework\release-nvidia\vc142.pdb
g:\github\gameprojectgl\minigamestarter\trainingframework\release-nvidia\gsintro.obj
g:\github\gameprojectgl\minigamestarter\trainingframework\release-nvidia\gsgameover.obj
g:\github\gameprojectgl\minigamestarter\trainingframework\release-nvidia\gamestatemachine.obj
g:\github\gameprojectgl\minigamestarter\trainingframework\release-nvidia\gamestatebase.obj
g:\github\gameprojectgl\minigamestarter\trainingframework\release-nvidia\trampoline.obj
g:\github\gameprojectgl\minigamestarter\trainingframework\release-nvidia\texture.obj
g:\github\gameprojectgl\minigamestarter\trainingframework\release-nvidia\text.obj
g:\github\gameprojectgl\minigamestarter\trainingframework\release-nvidia\spriteanimation.obj
g:\github\gameprojectgl\minigamestarter\trainingframework\release-nvidia\sprite3d.obj
g:\github\gameprojectgl\minigamestarter\trainingframework\release-nvidia\sprite2d.obj
g:\github\gameprojectgl\minigamestarter\trainingframework\release-nvidia\shader.obj
g:\github\gameprojectgl\minigamestarter\trainingframework\release-nvidia\player.obj
g:\github\gameprojectgl\minigamestarter\trainingframework\release-nvidia\model.obj
g:\github\gameprojectgl\minigamestarter\trainingframework\release-nvidia\ground.obj
g:\github\gameprojectgl\minigamestarter\trainingframework\release-nvidia\gamebutton.obj
g:\github\gameprojectgl\minigamestarter\trainingframework\release-nvidia\font.obj
g:\github\gameprojectgl\minigamestarter\trainingframework\release-nvidia\enemies.obj
g:\github\gameprojectgl\minigamestarter\trainingframework\release-nvidia\camera.obj
g:\github\gameprojectgl\minigamestarter\trainingframework\release-nvidia\resourcemanagers.obj
g:\github\gameprojectgl\minigamestarter\trainingframework\release-nvidia\application.obj
g:\github\gameprojectgl\minigamestarter\trainingframework\release-nvidia\trainingframework.obj
g:\github\gameprojectgl\minigamestarter\trainingframework\release-nvidia\gsplay.obj
g:\github\gameprojectgl\minigamestarter\trainingframework\release-nvidia\gsmenu.obj
c:\users\hoang\documents\github\gameprojectgl\minigamestarter\bin-nvidia\trainingframework.exe
c:\users\hoang\documents\github\gameprojectgl\minigamestarter\trainingframework\release-nvidia\trainingframework.ipdb
c:\users\hoang\documents\github\gameprojectgl\minigamestarter\trainingframework\release-nvidia\trainingframework.iobj
c:\users\hoang\documents\github\gameprojectgl\minigamestarter\bin-nvidia\trainingframework.pdb
g:\github\gameprojectgl\minigamestarter\bin-nvidia\trainingframework.exe
g:\github\gameprojectgl\minigamestarter\trainingframework\release-nvidia\trainingframework.ipdb
g:\github\gameprojectgl\minigamestarter\trainingframework\release-nvidia\trainingframework.iobj
g:\github\gameprojectgl\minigamestarter\bin-nvidia\trainingframework.pdb
g:\github\gameprojectgl\minigamestarter\\bin-nvidia\trainingframework.pdb
g:\github\gameprojectgl\minigamestarter\trainingframework\release-nvidia\training.fc024ec8.tlog\cl.command.1.tlog
g:\github\gameprojectgl\minigamestarter\trainingframework\release-nvidia\training.fc024ec8.tlog\cl.read.1.tlog
g:\github\gameprojectgl\minigamestarter\trainingframework\release-nvidia\training.fc024ec8.tlog\cl.write.1.tlog
g:\github\gameprojectgl\minigamestarter\trainingframework\release-nvidia\training.fc024ec8.tlog\link.command.1.tlog
g:\github\gameprojectgl\minigamestarter\trainingframework\release-nvidia\training.fc024ec8.tlog\link.read.1.tlog
g:\github\gameprojectgl\minigamestarter\trainingframework\release-nvidia\training.fc024ec8.tlog\link.write.1.tlog
