  Application.cpp
C:\Program Files (x86)\Microsoft Visual Studio\2019\Community\VC\Tools\MSVC\14.29.30133\include\xutility(158,77): warning C4244: 'argument': conversion from 'int' to 'GLfloat', possible loss of data
C:\Program Files (x86)\Microsoft Visual Studio\2019\Community\VC\Tools\MSVC\14.29.30133\include\memory(2029): message : see reference to function template instantiation 'void std::_Construct_in_place<_Ty,int,int,int&,int,int&,float,float,float>(_Ty &,int &&,int &&,int &,int &&,int &,float &&,float &&,float &&) noexcept(false)' being compiled
          with
          [
              _Ty=Camera
          ]
C:\Program Files (x86)\Microsoft Visual Studio\2019\Community\VC\Tools\MSVC\14.29.30133\include\memory(2748): message : see reference to function template instantiation 'std::_Ref_count_obj2<_Ty>::_Ref_count_obj2<int,int,int&,int,int&,float,float,float>(int &&,int &&,int &,int &&,int &,float &&,float &&,float &&)' being compiled
          with
          [
              _Ty=Camera
          ]
C:\Program Files (x86)\Microsoft Visual Studio\2019\Community\VC\Tools\MSVC\14.29.30133\include\memory(2748): message : see reference to function template instantiation 'std::_Ref_count_obj2<_Ty>::_Ref_count_obj2<int,int,int&,int,int&,float,float,float>(int &&,int &&,int &,int &&,int &,float &&,float &&,float &&)' being compiled
          with
          [
              _Ty=Camera
          ]
C:\Users\Hoang\Documents\GitHub\GameProjectGL\MiniGameStarter\TrainingFramework\src\Application.cpp(20): message : see reference to function template instantiation 'std::shared_ptr<Camera> std::make_shared<Camera,int,int,int&,int,int&,float,float,float>(int &&,int &&,int &,int &&,int &,float &&,float &&,float &&)' being compiled
C:\Program Files (x86)\Microsoft Visual Studio\2019\Community\VC\Tools\MSVC\14.29.30133\include\xutility(158,77): warning C4244: 'argument': conversion from '_Ty' to 'GLfloat', possible loss of data
          with
          [
              _Ty=int
          ]
  ResourceManagers.cpp
  Camera.cpp
  Enemies.cpp
C:\Users\Hoang\Documents\GitHub\GameProjectGL\MiniGameStarter\TrainingFramework\src\GameObject\Enemies.cpp(27,69): warning C4244: 'argument': conversion from 'GLfloat' to 'GLint', possible loss of data
C:\Users\Hoang\Documents\GitHub\GameProjectGL\MiniGameStarter\TrainingFramework\src\GameObject\Enemies.cpp(27,34): warning C4244: 'argument': conversion from 'GLfloat' to 'GLint', possible loss of data
C:\Users\Hoang\Documents\GitHub\GameProjectGL\MiniGameStarter\TrainingFramework\src\GameObject\Enemies.cpp(47,59): warning C4244: 'argument': conversion from 'GLfloat' to 'GLint', possible loss of data
C:\Users\Hoang\Documents\GitHub\GameProjectGL\MiniGameStarter\TrainingFramework\src\GameObject\Enemies.cpp(47,30): warning C4244: 'argument': conversion from 'GLfloat' to 'GLint', possible loss of data
C:\Users\Hoang\Documents\GitHub\GameProjectGL\MiniGameStarter\TrainingFramework\src\GameObject\Enemies.cpp(54,59): warning C4244: 'argument': conversion from 'GLfloat' to 'GLint', possible loss of data
C:\Users\Hoang\Documents\GitHub\GameProjectGL\MiniGameStarter\TrainingFramework\src\GameObject\Enemies.cpp(54,30): warning C4244: 'argument': conversion from 'GLfloat' to 'GLint', possible loss of data
C:\Users\Hoang\Documents\GitHub\GameProjectGL\MiniGameStarter\TrainingFramework\src\GameObject\Enemies.cpp(63,54): warning C4244: 'argument': conversion from 'GLfloat' to 'GLint', possible loss of data
C:\Users\Hoang\Documents\GitHub\GameProjectGL\MiniGameStarter\TrainingFramework\src\GameObject\Enemies.cpp(63,32): warning C4244: 'argument': conversion from 'GLfloat' to 'GLint', possible loss of data
C:\Users\Hoang\Documents\GitHub\GameProjectGL\MiniGameStarter\TrainingFramework\src\GameObject\Enemies.cpp(64,15): warning C4244: 'argument': conversion from 'float' to 'GLint', possible loss of data
C:\Users\Hoang\Documents\GitHub\GameProjectGL\MiniGameStarter\TrainingFramework\src\GameObject\Enemies.cpp(80,72): warning C4244: 'argument': conversion from 'GLfloat' to 'GLint', possible loss of data
C:\Users\Hoang\Documents\GitHub\GameProjectGL\MiniGameStarter\TrainingFramework\src\GameObject\Enemies.cpp(80,46): warning C4244: 'argument': conversion from 'GLfloat' to 'GLint', possible loss of data
C:\Users\Hoang\Documents\GitHub\GameProjectGL\MiniGameStarter\TrainingFramework\src\GameObject\Enemies.cpp(139,58): warning C4244: 'argument': conversion from 'GLfloat' to 'GLint', possible loss of data
C:\Users\Hoang\Documents\GitHub\GameProjectGL\MiniGameStarter\TrainingFramework\src\GameObject\Enemies.cpp(139,29): warning C4244: 'argument': conversion from 'GLfloat' to 'GLint', possible loss of data
C:\Users\Hoang\Documents\GitHub\GameProjectGL\MiniGameStarter\TrainingFramework\src\GameObject\Enemies.cpp(141,35): warning C4244: 'argument': conversion from 'GLfloat' to 'GLint', possible loss of data
C:\Users\Hoang\Documents\GitHub\GameProjectGL\MiniGameStarter\TrainingFramework\src\GameObject\Enemies.cpp(141,24): warning C4244: 'argument': conversion from 'GLfloat' to 'GLint', possible loss of data
C:\Users\Hoang\Documents\GitHub\GameProjectGL\MiniGameStarter\TrainingFramework\src\GameObject\Enemies.cpp(149,71): warning C4244: 'argument': conversion from 'GLfloat' to 'GLint', possible loss of data
C:\Users\Hoang\Documents\GitHub\GameProjectGL\MiniGameStarter\TrainingFramework\src\GameObject\Enemies.cpp(149,45): warning C4244: 'argument': conversion from 'GLfloat' to 'GLint', possible loss of data
C:\Users\Hoang\Documents\GitHub\GameProjectGL\MiniGameStarter\TrainingFramework\src\GameObject\Enemies.cpp(175,72): warning C4244: 'argument': conversion from 'GLfloat' to 'GLint', possible loss of data
C:\Users\Hoang\Documents\GitHub\GameProjectGL\MiniGameStarter\TrainingFramework\src\GameObject\Enemies.cpp(175,46): warning C4244: 'argument': conversion from 'GLfloat' to 'GLint', possible loss of data
C:\Users\Hoang\Documents\GitHub\GameProjectGL\MiniGameStarter\TrainingFramework\src\GameObject\Enemies.cpp(194,60): warning C4244: 'argument': conversion from 'GLfloat' to 'GLint', possible loss of data
C:\Users\Hoang\Documents\GitHub\GameProjectGL\MiniGameStarter\TrainingFramework\src\GameObject\Enemies.cpp(194,31): warning C4244: 'argument': conversion from 'GLfloat' to 'GLint', possible loss of data
C:\Users\Hoang\Documents\GitHub\GameProjectGL\MiniGameStarter\TrainingFramework\src\GameObject\Enemies.cpp(199,60): warning C4244: 'argument': conversion from 'GLfloat' to 'GLint', possible loss of data
C:\Users\Hoang\Documents\GitHub\GameProjectGL\MiniGameStarter\TrainingFramework\src\GameObject\Enemies.cpp(199,31): warning C4244: 'argument': conversion from 'GLfloat' to 'GLint', possible loss of data
C:\Users\Hoang\Documents\GitHub\GameProjectGL\MiniGameStarter\TrainingFramework\src\GameObject\Enemies.cpp(203,46): warning C4244: 'argument': conversion from 'GLfloat' to 'GLint', possible loss of data
C:\Users\Hoang\Documents\GitHub\GameProjectGL\MiniGameStarter\TrainingFramework\src\GameObject\Enemies.cpp(203,28): warning C4244: 'argument': conversion from 'GLfloat' to 'GLint', possible loss of data
C:\Users\Hoang\Documents\GitHub\GameProjectGL\MiniGameStarter\TrainingFramework\src\GameObject\Enemies.cpp(207,45): warning C4244: 'argument': conversion from 'GLfloat' to 'GLint', possible loss of data
C:\Users\Hoang\Documents\GitHub\GameProjectGL\MiniGameStarter\TrainingFramework\src\GameObject\Enemies.cpp(207,28): warning C4244: 'argument': conversion from 'GLfloat' to 'GLint', possible loss of data
  Font.cpp
  GameButton.cpp
  Ground.cpp
C:\Users\Hoang\Documents\GitHub\GameProjectGL\MiniGameStarter\TrainingFramework\src\GameObject\Ground.cpp(41,52): warning C4244: 'argument': conversion from 'GLfloat' to 'GLint', possible loss of data
C:\Users\Hoang\Documents\GitHub\GameProjectGL\MiniGameStarter\TrainingFramework\src\GameObject\Ground.cpp(41,32): warning C4244: 'argument': conversion from 'GLfloat' to 'GLint', possible loss of data
  Model.cpp
C:\Users\Hoang\Documents\GitHub\GameProjectGL\MiniGameStarter\TrainingFramework\src\GameObject\Model.cpp(25,18): warning C4244: 'initializing': conversion from 'std::streamoff' to 'size_t', possible loss of data
  Player.cpp
C:\Users\Hoang\Documents\GitHub\GameProjectGL\MiniGameStarter\TrainingFramework\src\GameObject\Player.cpp(130,34): warning C4244: '=': conversion from 'float' to 'int', possible loss of data
C:\Users\Hoang\Documents\GitHub\GameProjectGL\MiniGameStarter\TrainingFramework\src\GameObject\Player.cpp(132,60): warning C4244: 'argument': conversion from 'GLfloat' to 'GLint', possible loss of data
C:\Users\Hoang\Documents\GitHub\GameProjectGL\MiniGameStarter\TrainingFramework\src\GameObject\Player.cpp(132,31): warning C4244: 'argument': conversion from 'GLfloat' to 'GLint', possible loss of data
C:\Users\Hoang\Documents\GitHub\GameProjectGL\MiniGameStarter\TrainingFramework\src\GameObject\Player.cpp(145,33): warning C4244: '=': conversion from 'float' to 'int', possible loss of data
C:\Users\Hoang\Documents\GitHub\GameProjectGL\MiniGameStarter\TrainingFramework\src\GameObject\Player.cpp(147,60): warning C4244: 'argument': conversion from 'GLfloat' to 'GLint', possible loss of data
C:\Users\Hoang\Documents\GitHub\GameProjectGL\MiniGameStarter\TrainingFramework\src\GameObject\Player.cpp(147,31): warning C4244: 'argument': conversion from 'GLfloat' to 'GLint', possible loss of data
C:\Users\Hoang\Documents\GitHub\GameProjectGL\MiniGameStarter\TrainingFramework\src\GameObject\Player.cpp(168,34): warning C4244: '=': conversion from 'float' to 'int', possible loss of data
C:\Users\Hoang\Documents\GitHub\GameProjectGL\MiniGameStarter\TrainingFramework\src\GameObject\Player.cpp(170,60): warning C4244: 'argument': conversion from 'GLfloat' to 'GLint', possible loss of data
C:\Users\Hoang\Documents\GitHub\GameProjectGL\MiniGameStarter\TrainingFramework\src\GameObject\Player.cpp(170,31): warning C4244: 'argument': conversion from 'GLfloat' to 'GLint', possible loss of data
C:\Users\Hoang\Documents\GitHub\GameProjectGL\MiniGameStarter\TrainingFramework\src\GameObject\Player.cpp(190,33): warning C4244: '=': conversion from 'float' to 'int', possible loss of data
C:\Users\Hoang\Documents\GitHub\GameProjectGL\MiniGameStarter\TrainingFramework\src\GameObject\Player.cpp(192,60): warning C4244: 'argument': conversion from 'GLfloat' to 'GLint', possible loss of data
C:\Users\Hoang\Documents\GitHub\GameProjectGL\MiniGameStarter\TrainingFramework\src\GameObject\Player.cpp(192,31): warning C4244: 'argument': conversion from 'GLfloat' to 'GLint', possible loss of data
  Shader.cpp
  Sprite2D.cpp
C:\Users\Hoang\Documents\GitHub\GameProjectGL\MiniGameStarter\TrainingFramework\src\GameObject\Sprite2D.cpp(106,17): warning C4244: '=': conversion from 'GLint' to 'GLfloat', possible loss of data
C:\Users\Hoang\Documents\GitHub\GameProjectGL\MiniGameStarter\TrainingFramework\src\GameObject\Sprite2D.cpp(107,17): warning C4244: '=': conversion from 'GLint' to 'GLfloat', possible loss of data
  Sprite3D.cpp
  SpriteAnimation.cpp
C:\Users\Hoang\Documents\GitHub\GameProjectGL\MiniGameStarter\TrainingFramework\src\GameObject\SpriteAnimation.cpp(84,39): warning C4244: 'argument': conversion from 'GLint' to 'GLfloat', possible loss of data
C:\Users\Hoang\Documents\GitHub\GameProjectGL\MiniGameStarter\TrainingFramework\src\GameObject\SpriteAnimation.cpp(89,39): warning C4244: 'argument': conversion from 'GLint' to 'GLfloat', possible loss of data
C:\Users\Hoang\Documents\GitHub\GameProjectGL\MiniGameStarter\TrainingFramework\src\GameObject\SpriteAnimation.cpp(94,39): warning C4244: 'argument': conversion from 'GLint' to 'GLfloat', possible loss of data
C:\Users\Hoang\Documents\GitHub\GameProjectGL\MiniGameStarter\TrainingFramework\src\GameObject\SpriteAnimation.cpp(99,39): warning C4244: 'argument': conversion from 'GLint' to 'GLfloat', possible loss of data
C:\Users\Hoang\Documents\GitHub\GameProjectGL\MiniGameStarter\TrainingFramework\src\GameObject\SpriteAnimation.cpp(119,69): warning C4244: 'argument': conversion from 'GLfloat' to 'GLint', possible loss of data
C:\Users\Hoang\Documents\GitHub\GameProjectGL\MiniGameStarter\TrainingFramework\src\GameObject\SpriteAnimation.cpp(119,34): warning C4244: 'argument': conversion from 'GLfloat' to 'GLint', possible loss of data
C:\Users\Hoang\Documents\GitHub\GameProjectGL\MiniGameStarter\TrainingFramework\src\GameObject\SpriteAnimation.cpp(150,26): warning C4244: 'argument': conversion from 'GLint' to 'GLfloat', possible loss of data
C:\Users\Hoang\Documents\GitHub\GameProjectGL\MiniGameStarter\TrainingFramework\src\GameObject\SpriteAnimation.cpp(150,17): warning C4244: 'argument': conversion from 'GLint' to 'GLfloat', possible loss of data
C:\Users\Hoang\Documents\GitHub\GameProjectGL\MiniGameStarter\TrainingFramework\src\GameObject\SpriteAnimation.cpp(155,11): warning C4244: 'initializing': conversion from 'GLfloat' to 'int', possible loss of data
C:\Users\Hoang\Documents\GitHub\GameProjectGL\MiniGameStarter\TrainingFramework\src\GameObject\SpriteAnimation.cpp(155,52): warning C4244: 'initializing': conversion from 'GLfloat' to 'int', possible loss of data
C:\Users\Hoang\Documents\GitHub\GameProjectGL\MiniGameStarter\TrainingFramework\src\GameObject\SpriteAnimation.cpp(156,11): warning C4244: 'initializing': conversion from 'GLfloat' to 'int', possible loss of data
C:\Users\Hoang\Documents\GitHub\GameProjectGL\MiniGameStarter\TrainingFramework\src\GameObject\SpriteAnimation.cpp(156,48): warning C4244: 'initializing': conversion from 'GLfloat' to 'int', possible loss of data
C:\Users\Hoang\Documents\GitHub\GameProjectGL\MiniGameStarter\TrainingFramework\src\GameObject\SpriteAnimation.cpp(157,11): warning C4244: 'initializing': conversion from 'GLfloat' to 'int', possible loss of data
C:\Users\Hoang\Documents\GitHub\GameProjectGL\MiniGameStarter\TrainingFramework\src\GameObject\SpriteAnimation.cpp(157,66): warning C4244: 'initializing': conversion from 'GLfloat' to 'int', possible loss of data
C:\Users\Hoang\Documents\GitHub\GameProjectGL\MiniGameStarter\TrainingFramework\src\GameObject\SpriteAnimation.cpp(158,11): warning C4244: 'initializing': conversion from 'GLfloat' to 'int', possible loss of data
C:\Users\Hoang\Documents\GitHub\GameProjectGL\MiniGameStarter\TrainingFramework\src\GameObject\SpriteAnimation.cpp(158,65): warning C4244: 'initializing': conversion from 'GLfloat' to 'int', possible loss of data
C:\Users\Hoang\Documents\GitHub\GameProjectGL\MiniGameStarter\TrainingFramework\src\GameObject\SpriteAnimation.cpp(162,93): warning C4244: 'argument': conversion from 'GLfloat' to 'GLint', possible loss of data
C:\Users\Hoang\Documents\GitHub\GameProjectGL\MiniGameStarter\TrainingFramework\src\GameObject\SpriteAnimation.cpp(162,27): warning C4244: 'argument': conversion from 'GLfloat' to 'GLint', possible loss of data
  Text.cpp
  Texture.cpp
  Trampoline.cpp
C:\Users\Hoang\Documents\GitHub\GameProjectGL\MiniGameStarter\TrainingFramework\src\GameObject\Trampoline.cpp(69,11): warning C4244: 'initializing': conversion from 'GLfloat' to 'int', possible loss of data
C:\Users\Hoang\Documents\GitHub\GameProjectGL\MiniGameStarter\TrainingFramework\src\GameObject\Trampoline.cpp(69,47): warning C4244: 'initializing': conversion from 'GLfloat' to 'int', possible loss of data
C:\Users\Hoang\Documents\GitHub\GameProjectGL\MiniGameStarter\TrainingFramework\src\GameObject\Trampoline.cpp(70,11): warning C4244: 'initializing': conversion from 'GLfloat' to 'int', possible loss of data
C:\Users\Hoang\Documents\GitHub\GameProjectGL\MiniGameStarter\TrainingFramework\src\GameObject\Trampoline.cpp(70,53): warning C4244: 'initializing': conversion from 'GLfloat' to 'int', possible loss of data
C:\Users\Hoang\Documents\GitHub\GameProjectGL\MiniGameStarter\TrainingFramework\src\GameObject\Trampoline.cpp(71,11): warning C4244: 'initializing': conversion from 'GLfloat' to 'int', possible loss of data
C:\Users\Hoang\Documents\GitHub\GameProjectGL\MiniGameStarter\TrainingFramework\src\GameObject\Trampoline.cpp(71,70): warning C4244: 'initializing': conversion from 'GLfloat' to 'int', possible loss of data
C:\Users\Hoang\Documents\GitHub\GameProjectGL\MiniGameStarter\TrainingFramework\src\GameObject\Trampoline.cpp(72,11): warning C4244: 'initializing': conversion from 'GLfloat' to 'int', possible loss of data
C:\Users\Hoang\Documents\GitHub\GameProjectGL\MiniGameStarter\TrainingFramework\src\GameObject\Trampoline.cpp(72,65): warning C4244: 'initializing': conversion from 'GLfloat' to 'int', possible loss of data
C:\Users\Hoang\Documents\GitHub\GameProjectGL\MiniGameStarter\TrainingFramework\src\GameObject\Trampoline.cpp(89,73): warning C4244: 'argument': conversion from 'GLfloat' to 'GLint', possible loss of data
C:\Users\Hoang\Documents\GitHub\GameProjectGL\MiniGameStarter\TrainingFramework\src\GameObject\Trampoline.cpp(89,47): warning C4244: 'argument': conversion from 'GLfloat' to 'GLint', possible loss of data
C:\Users\Hoang\Documents\GitHub\GameProjectGL\MiniGameStarter\TrainingFramework\src\GameObject\Trampoline.cpp(91,74): warning C4244: 'argument': conversion from 'GLfloat' to 'GLint', possible loss of data
C:\Users\Hoang\Documents\GitHub\GameProjectGL\MiniGameStarter\TrainingFramework\src\GameObject\Trampoline.cpp(91,48): warning C4244: 'argument': conversion from 'GLfloat' to 'GLint', possible loss of data
  GameStateBase.cpp
  GameStateMachine.cpp
  GSGameOver.cpp
C:\Program Files (x86)\Microsoft Visual Studio\2019\Community\VC\Tools\MSVC\14.29.30133\include\xutility(158,77): warning C4244: 'argument': conversion from '_Ty' to 'float', possible loss of data
          with
          [
              _Ty=double
          ]
C:\Program Files (x86)\Microsoft Visual Studio\2019\Community\VC\Tools\MSVC\14.29.30133\include\memory(2029): message : see reference to function template instantiation 'void std::_Construct_in_place<_Ty,std::shared_ptr<Shader>&,std::shared_ptr<Font>&,const char(&)[3],TextColor,double>(_Ty &,std::shared_ptr<Shader> &,std::shared_ptr<Font> &,const char (&)[3],TextColor &&,double &&) noexcept(false)' being compiled
          with
          [
              _Ty=Text
          ]
C:\Program Files (x86)\Microsoft Visual Studio\2019\Community\VC\Tools\MSVC\14.29.30133\include\memory(2748): message : see reference to function template instantiation 'std::_Ref_count_obj2<_Ty>::_Ref_count_obj2<std::shared_ptr<Shader>&,std::shared_ptr<Font>&,const char(&)[3],TextColor,double>(std::shared_ptr<Shader> &,std::shared_ptr<Font> &,const char (&)[3],TextColor &&,double &&)' being compiled
          with
          [
              _Ty=Text
          ]
C:\Program Files (x86)\Microsoft Visual Studio\2019\Community\VC\Tools\MSVC\14.29.30133\include\memory(2748): message : see reference to function template instantiation 'std::_Ref_count_obj2<_Ty>::_Ref_count_obj2<std::shared_ptr<Shader>&,std::shared_ptr<Font>&,const char(&)[3],TextColor,double>(std::shared_ptr<Shader> &,std::shared_ptr<Font> &,const char (&)[3],TextColor &&,double &&)' being compiled
          with
          [
              _Ty=Text
          ]
C:\Users\Hoang\Documents\GitHub\GameProjectGL\MiniGameStarter\TrainingFramework\src\GameStates\GSGameOver.cpp(88): message : see reference to function template instantiation 'std::shared_ptr<Text> std::make_shared<Text,std::shared_ptr<Shader>&,std::shared_ptr<Font>&,const char(&)[3],TextColor,double>(std::shared_ptr<Shader> &,std::shared_ptr<Font> &,const char (&)[3],TextColor &&,double &&)' being compiled
  GSIntro.cpp
C:\Users\Hoang\Documents\GitHub\GameProjectGL\MiniGameStarter\TrainingFramework\src\GameStates\GSIntro.cpp(20,90): warning C4244: 'argument': conversion from 'float' to 'GLint', possible loss of data
C:\Users\Hoang\Documents\GitHub\GameProjectGL\MiniGameStarter\TrainingFramework\src\GameStates\GSIntro.cpp(20,52): warning C4244: 'argument': conversion from 'float' to 'GLint', possible loss of data
  Compiling...
  GSMenu.cpp
  GSPlay.cpp
C:\Users\Hoang\Documents\GitHub\GameProjectGL\MiniGameStarter\TrainingFramework\src\GameStates\GSPlay.cpp(290,85): warning C4244: 'argument': conversion from 'GLfloat' to 'GLint', possible loss of data
C:\Users\Hoang\Documents\GitHub\GameProjectGL\MiniGameStarter\TrainingFramework\src\GameStates\GSPlay.cpp(290,53): warning C4244: 'argument': conversion from 'GLfloat' to 'GLint', possible loss of data
C:\Users\Hoang\Documents\GitHub\GameProjectGL\MiniGameStarter\TrainingFramework\src\GameStates\GSPlay.cpp(291,36): warning C4244: 'argument': conversion from 'float' to 'GLint', possible loss of data
C:\Users\Hoang\Documents\GitHub\GameProjectGL\MiniGameStarter\TrainingFramework\src\GameStates\GSPlay.cpp(394,77): warning C4244: 'argument': conversion from 'GLfloat' to 'GLint', possible loss of data
C:\Users\Hoang\Documents\GitHub\GameProjectGL\MiniGameStarter\TrainingFramework\src\GameStates\GSPlay.cpp(396,75): warning C4244: 'argument': conversion from 'GLfloat' to 'GLint', possible loss of data
C:\Users\Hoang\Documents\GitHub\GameProjectGL\MiniGameStarter\TrainingFramework\src\GameStates\GSPlay.cpp(398,83): warning C4244: 'argument': conversion from 'GLfloat' to 'GLint', possible loss of data
C:\Users\Hoang\Documents\GitHub\GameProjectGL\MiniGameStarter\TrainingFramework\src\GameStates\GSPlay.cpp(398,44): warning C4244: 'argument': conversion from 'GLfloat' to 'GLint', possible loss of data
C:\Users\Hoang\Documents\GitHub\GameProjectGL\MiniGameStarter\TrainingFramework\src\GameStates\GSPlay.cpp(479,83): warning C4244: 'argument': conversion from 'float' to 'GLint', possible loss of data
C:\Users\Hoang\Documents\GitHub\GameProjectGL\MiniGameStarter\TrainingFramework\src\GameStates\GSPlay.cpp(479,49): warning C4244: 'argument': conversion from 'float' to 'GLint', possible loss of data
C:\Users\Hoang\Documents\GitHub\GameProjectGL\MiniGameStarter\TrainingFramework\src\GameStates\GSPlay.cpp(484,106): warning C4244: 'argument': conversion from 'float' to 'GLint', possible loss of data
C:\Users\Hoang\Documents\GitHub\GameProjectGL\MiniGameStarter\TrainingFramework\src\GameStates\GSPlay.cpp(484,53): warning C4244: 'argument': conversion from 'float' to 'GLint', possible loss of data
C:\Users\Hoang\Documents\GitHub\GameProjectGL\MiniGameStarter\TrainingFramework\src\GameStates\GSPlay.cpp(489,84): warning C4244: 'argument': conversion from 'float' to 'GLint', possible loss of data
C:\Users\Hoang\Documents\GitHub\GameProjectGL\MiniGameStarter\TrainingFramework\src\GameStates\GSPlay.cpp(489,50): warning C4244: 'argument': conversion from 'float' to 'GLint', possible loss of data
C:\Users\Hoang\Documents\GitHub\GameProjectGL\MiniGameStarter\TrainingFramework\src\GameStates\GSPlay.cpp(495,83): warning C4244: 'argument': conversion from 'float' to 'GLint', possible loss of data
C:\Users\Hoang\Documents\GitHub\GameProjectGL\MiniGameStarter\TrainingFramework\src\GameStates\GSPlay.cpp(495,49): warning C4244: 'argument': conversion from 'float' to 'GLint', possible loss of data
C:\Users\Hoang\Documents\GitHub\GameProjectGL\MiniGameStarter\TrainingFramework\src\GameStates\GSPlay.cpp(500,106): warning C4244: 'argument': conversion from 'float' to 'GLint', possible loss of data
C:\Users\Hoang\Documents\GitHub\GameProjectGL\MiniGameStarter\TrainingFramework\src\GameStates\GSPlay.cpp(500,53): warning C4244: 'argument': conversion from 'float' to 'GLint', possible loss of data
C:\Users\Hoang\Documents\GitHub\GameProjectGL\MiniGameStarter\TrainingFramework\src\GameStates\GSPlay.cpp(505,84): warning C4244: 'argument': conversion from 'float' to 'GLint', possible loss of data
C:\Users\Hoang\Documents\GitHub\GameProjectGL\MiniGameStarter\TrainingFramework\src\GameStates\GSPlay.cpp(505,50): warning C4244: 'argument': conversion from 'float' to 'GLint', possible loss of data
C:\Users\Hoang\Documents\GitHub\GameProjectGL\MiniGameStarter\TrainingFramework\src\GameStates\GSPlay.cpp(511,83): warning C4244: 'argument': conversion from 'float' to 'GLint', possible loss of data
C:\Users\Hoang\Documents\GitHub\GameProjectGL\MiniGameStarter\TrainingFramework\src\GameStates\GSPlay.cpp(511,49): warning C4244: 'argument': conversion from 'float' to 'GLint', possible loss of data
C:\Users\Hoang\Documents\GitHub\GameProjectGL\MiniGameStarter\TrainingFramework\src\GameStates\GSPlay.cpp(516,106): warning C4244: 'argument': conversion from 'float' to 'GLint', possible loss of data
C:\Users\Hoang\Documents\GitHub\GameProjectGL\MiniGameStarter\TrainingFramework\src\GameStates\GSPlay.cpp(516,53): warning C4244: 'argument': conversion from 'float' to 'GLint', possible loss of data
C:\Users\Hoang\Documents\GitHub\GameProjectGL\MiniGameStarter\TrainingFramework\src\GameStates\GSPlay.cpp(521,84): warning C4244: 'argument': conversion from 'float' to 'GLint', possible loss of data
C:\Users\Hoang\Documents\GitHub\GameProjectGL\MiniGameStarter\TrainingFramework\src\GameStates\GSPlay.cpp(521,50): warning C4244: 'argument': conversion from 'float' to 'GLint', possible loss of data
C:\Users\Hoang\Documents\GitHub\GameProjectGL\MiniGameStarter\TrainingFramework\src\GameStates\GSPlay.cpp(544,49): warning C4244: 'argument': conversion from 'int' to 'GLfloat', possible loss of data
C:\Users\Hoang\Documents\GitHub\GameProjectGL\MiniGameStarter\TrainingFramework\src\GameStates\GSPlay.cpp(544,38): warning C4244: 'argument': conversion from 'int' to 'GLfloat', possible loss of data
C:\Users\Hoang\Documents\GitHub\GameProjectGL\MiniGameStarter\TrainingFramework\src\GameStates\GSPlay.cpp(553,46): warning C4244: 'argument': conversion from 'int' to 'GLfloat', possible loss of data
C:\Users\Hoang\Documents\GitHub\GameProjectGL\MiniGameStarter\TrainingFramework\src\GameStates\GSPlay.cpp(553,35): warning C4244: 'argument': conversion from 'int' to 'GLfloat', possible loss of data
C:\Users\Hoang\Documents\GitHub\GameProjectGL\MiniGameStarter\TrainingFramework\src\GameStates\GSPlay.cpp(563,47): warning C4244: 'argument': conversion from 'int' to 'GLfloat', possible loss of data
C:\Users\Hoang\Documents\GitHub\GameProjectGL\MiniGameStarter\TrainingFramework\src\GameStates\GSPlay.cpp(563,36): warning C4244: 'argument': conversion from 'int' to 'GLfloat', possible loss of data
C:\Users\Hoang\Documents\GitHub\GameProjectGL\MiniGameStarter\TrainingFramework\src\GameStates\GSPlay.cpp(566,86): warning C4244: 'argument': conversion from 'GLfloat' to 'GLint', possible loss of data
C:\Users\Hoang\Documents\GitHub\GameProjectGL\MiniGameStarter\TrainingFramework\src\GameStates\GSPlay.cpp(566,57): warning C4244: 'argument': conversion from 'GLfloat' to 'GLint', possible loss of data
C:\Users\Hoang\Documents\GitHub\GameProjectGL\MiniGameStarter\TrainingFramework\src\GameStates\GSPlay.cpp(575,45): warning C4244: 'argument': conversion from 'int' to 'GLfloat', possible loss of data
C:\Users\Hoang\Documents\GitHub\GameProjectGL\MiniGameStarter\TrainingFramework\src\GameStates\GSPlay.cpp(575,34): warning C4244: 'argument': conversion from 'int' to 'GLfloat', possible loss of data
C:\Program Files (x86)\Microsoft Visual Studio\2019\Community\VC\Tools\MSVC\14.29.30133\include\xutility(158,77): warning C4244: 'argument': conversion from '_Ty' to 'float', possible loss of data
          with
          [
              _Ty=double
          ]
C:\Program Files (x86)\Microsoft Visual Studio\2019\Community\VC\Tools\MSVC\14.29.30133\include\memory(2029): message : see reference to function template instantiation 'void std::_Construct_in_place<_Ty,std::shared_ptr<Shader>&,std::shared_ptr<Font>&,const char(&)[3],TextColor,double>(_Ty &,std::shared_ptr<Shader> &,std::shared_ptr<Font> &,const char (&)[3],TextColor &&,double &&) noexcept(false)' being compiled
          with
          [
              _Ty=Text
          ]
C:\Program Files (x86)\Microsoft Visual Studio\2019\Community\VC\Tools\MSVC\14.29.30133\include\memory(2748): message : see reference to function template instantiation 'std::_Ref_count_obj2<_Ty>::_Ref_count_obj2<std::shared_ptr<Shader>&,std::shared_ptr<Font>&,const char(&)[3],TextColor,double>(std::shared_ptr<Shader> &,std::shared_ptr<Font> &,const char (&)[3],TextColor &&,double &&)' being compiled
          with
          [
              _Ty=Text
          ]
C:\Program Files (x86)\Microsoft Visual Studio\2019\Community\VC\Tools\MSVC\14.29.30133\include\memory(2748): message : see reference to function template instantiation 'std::_Ref_count_obj2<_Ty>::_Ref_count_obj2<std::shared_ptr<Shader>&,std::shared_ptr<Font>&,const char(&)[3],TextColor,double>(std::shared_ptr<Shader> &,std::shared_ptr<Font> &,const char (&)[3],TextColor &&,double &&)' being compiled
          with
          [
              _Ty=Text
          ]
C:\Users\Hoang\Documents\GitHub\GameProjectGL\MiniGameStarter\TrainingFramework\src\GameStates\GSPlay.cpp(62): message : see reference to function template instantiation 'std::shared_ptr<Text> std::make_shared<Text,std::shared_ptr<Shader>&,std::shared_ptr<Font>&,const char(&)[3],TextColor,double>(std::shared_ptr<Shader> &,std::shared_ptr<Font> &,const char (&)[3],TextColor &&,double &&)' being compiled
  TrainingFramework.cpp
LINK : warning LNK4098: defaultlib 'LIBCMT' conflicts with use of other libs; use /NODEFAULTLIB:library
  Generating code
  Previous IPDB not found, fall back to full compilation.
  All 2532 functions were compiled because no usable IPDB/IOBJ from previous compilation was found.
  Finished generating code
  TrainingFramework.vcxproj -> C:\Users\Hoang\Documents\GitHub\GameProjectGL\MiniGameStarter\BIN-Nvidia\TrainingFramework.exe
